
*** Running vivado
    with args -log siso.vds -m64 -product Vivado -mode batch -messageDb vivado.pb -notrace -source siso.tcl


****** Vivado v2016.4 (64-bit)
  **** SW Build 1756540 on Mon Jan 23 19:11:19 MST 2017
  **** IP Build 1755317 on Mon Jan 23 20:30:07 MST 2017
    ** Copyright 1986-2016 Xilinx, Inc. All Rights Reserved.

source siso.tcl -notrace
Command: synth_design -top siso -part xc7a15tcpg236-3
Starting synth_design
Attempting to get a license for feature 'Synthesis' and/or device 'xc7a15t'
INFO: [Common 17-349] Got license for feature 'Synthesis' and/or device 'xc7a15t'
INFO: Launching helper process for spawning children vivado processes
INFO: Helper process launched with PID 27737 
---------------------------------------------------------------------------------
Starting Synthesize : Time (s): cpu = 00:00:07 ; elapsed = 00:00:14 . Memory (MB): peak = 1100.387 ; gain = 160.098 ; free physical = 2701 ; free virtual = 11904
---------------------------------------------------------------------------------
INFO: [Synth 8-638] synthesizing module 'siso' [/home/vadakkodan/Desktop/v_siso/siso/siso.srcs/sources_1/imports/Desktop/siso.v:1]
INFO: [Synth 8-256] done synthesizing module 'siso' (1#1) [/home/vadakkodan/Desktop/v_siso/siso/siso.srcs/sources_1/imports/Desktop/siso.v:1]
WARNING: [Synth 8-3331] design siso has unconnected port D[0]
---------------------------------------------------------------------------------
Finished Synthesize : Time (s): cpu = 00:00:08 ; elapsed = 00:00:15 . Memory (MB): peak = 1141.855 ; gain = 201.566 ; free physical = 2656 ; free virtual = 11862
---------------------------------------------------------------------------------
---------------------------------------------------------------------------------
Finished Constraint Validation : Time (s): cpu = 00:00:08 ; elapsed = 00:00:15 . Memory (MB): peak = 1141.855 ; gain = 201.566 ; free physical = 2656 ; free virtual = 11862
---------------------------------------------------------------------------------
---------------------------------------------------------------------------------
Start Loading Part and Timing Information
---------------------------------------------------------------------------------
Loading part: xc7a15tcpg236-3
---------------------------------------------------------------------------------
Finished Loading Part and Timing Information : Time (s): cpu = 00:00:08 ; elapsed = 00:00:15 . Memory (MB): peak = 1149.859 ; gain = 209.570 ; free physical = 2656 ; free virtual = 11862
---------------------------------------------------------------------------------
---------------------------------------------------------------------------------
Finished RTL Optimization Phase 2 : Time (s): cpu = 00:00:08 ; elapsed = 00:00:15 . Memory (MB): peak = 1157.867 ; gain = 217.578 ; free physical = 2649 ; free virtual = 11854
---------------------------------------------------------------------------------
INFO: [Device 21-403] Loading part xc7a15tcpg236-3

Report RTL Partitions: 
+-+--------------+------------+----------+
| |RTL Partition |Replication |Instances |
+-+--------------+------------+----------+
+-+--------------+------------+----------+
No constraint files found.
---------------------------------------------------------------------------------
Start RTL Component Statistics 
---------------------------------------------------------------------------------
Detailed RTL Component Info : 
+---Registers : 
	                4 Bit    Registers := 1     
---------------------------------------------------------------------------------
Finished RTL Component Statistics 
---------------------------------------------------------------------------------
---------------------------------------------------------------------------------
Start RTL Hierarchical Component Statistics 
---------------------------------------------------------------------------------
Hierarchical RTL Component report 
Module siso 
Detailed RTL Component Info : 
+---Registers : 
	                4 Bit    Registers := 1     
---------------------------------------------------------------------------------
Finished RTL Hierarchical Component Statistics
---------------------------------------------------------------------------------
---------------------------------------------------------------------------------
Start Part Resource Summary
---------------------------------------------------------------------------------
Part Resources:
DSPs: 45 (col length:60)
BRAMs: 50 (col length: RAMB18 60 RAMB36 30)
---------------------------------------------------------------------------------
Finished Part Resource Summary
---------------------------------------------------------------------------------
No constraint files found.
---------------------------------------------------------------------------------
Start Cross Boundary and Area Optimization
---------------------------------------------------------------------------------
WARNING: [Synth 8-3331] design siso has unconnected port D[0]
---------------------------------------------------------------------------------
Finished Cross Boundary and Area Optimization : Time (s): cpu = 00:00:10 ; elapsed = 00:00:18 . Memory (MB): peak = 1216.867 ; gain = 276.578 ; free physical = 2571 ; free virtual = 11797
---------------------------------------------------------------------------------

Report RTL Partitions: 
+-+--------------+------------+----------+
| |RTL Partition |Replication |Instances |
+-+--------------+------------+----------+
+-+--------------+------------+----------+
---------------------------------------------------------------------------------
Start Timing Optimization
---------------------------------------------------------------------------------
No constraint files found.
---------------------------------------------------------------------------------
Finished Timing Optimization : Time (s): cpu = 00:00:10 ; elapsed = 00:00:18 . Memory (MB): peak = 1216.867 ; gain = 276.578 ; free physical = 2571 ; free virtual = 11797
---------------------------------------------------------------------------------

Report RTL Partitions: 
+-+--------------+------------+----------+
| |RTL Partition |Replication |Instances |
+-+--------------+------------+----------+
+-+--------------+------------+----------+
---------------------------------------------------------------------------------
Start Technology Mapping
---------------------------------------------------------------------------------
---------------------------------------------------------------------------------
Finished Technology Mapping : Time (s): cpu = 00:00:10 ; elapsed = 00:00:18 . Memory (MB): peak = 1224.875 ; gain = 284.586 ; free physical = 2562 ; free virtual = 11789
---------------------------------------------------------------------------------

Report RTL Partitions: 
+-+--------------+------------+----------+
| |RTL Partition |Replication |Instances |
+-+--------------+------------+----------+
+-+--------------+------------+----------+
---------------------------------------------------------------------------------
Start IO Insertion
---------------------------------------------------------------------------------
---------------------------------------------------------------------------------
Start Flattening Before IO Insertion
---------------------------------------------------------------------------------
---------------------------------------------------------------------------------
Finished Flattening Before IO Insertion
---------------------------------------------------------------------------------
---------------------------------------------------------------------------------
Start Final Netlist Cleanup
---------------------------------------------------------------------------------
---------------------------------------------------------------------------------
Finished Final Netlist Cleanup
---------------------------------------------------------------------------------
---------------------------------------------------------------------------------
Finished IO Insertion : Time (s): cpu = 00:00:11 ; elapsed = 00:00:18 . Memory (MB): peak = 1224.875 ; gain = 284.586 ; free physical = 2562 ; free virtual = 11788
---------------------------------------------------------------------------------

Report Check Netlist: 
+------+------------------+-------+---------+-------+------------------+
|      |Item              |Errors |Warnings |Status |Description       |
+------+------------------+-------+---------+-------+------------------+
|1     |multi_driven_nets |      0|        0|Passed |Multi driven nets |
+------+------------------+-------+---------+-------+------------------+
---------------------------------------------------------------------------------
Start Renaming Generated Instances
---------------------------------------------------------------------------------
---------------------------------------------------------------------------------
Finished Renaming Generated Instances : Time (s): cpu = 00:00:11 ; elapsed = 00:00:18 . Memory (MB): peak = 1224.875 ; gain = 284.586 ; free physical = 2562 ; free virtual = 11788
---------------------------------------------------------------------------------

Report RTL Partitions: 
+-+--------------+------------+----------+
| |RTL Partition |Replication |Instances |
+-+--------------+------------+----------+
+-+--------------+------------+----------+
---------------------------------------------------------------------------------
Start Rebuilding User Hierarchy
---------------------------------------------------------------------------------
---------------------------------------------------------------------------------
Finished Rebuilding User Hierarchy : Time (s): cpu = 00:00:11 ; elapsed = 00:00:18 . Memory (MB): peak = 1224.875 ; gain = 284.586 ; free physical = 2562 ; free virtual = 11788
---------------------------------------------------------------------------------
---------------------------------------------------------------------------------
Start Renaming Generated Ports
---------------------------------------------------------------------------------
---------------------------------------------------------------------------------
Finished Renaming Generated Ports : Time (s): cpu = 00:00:11 ; elapsed = 00:00:18 . Memory (MB): peak = 1224.875 ; gain = 284.586 ; free physical = 2562 ; free virtual = 11788
---------------------------------------------------------------------------------
---------------------------------------------------------------------------------
Start Handling Custom Attributes
---------------------------------------------------------------------------------
---------------------------------------------------------------------------------
Finished Handling Custom Attributes : Time (s): cpu = 00:00:11 ; elapsed = 00:00:19 . Memory (MB): peak = 1224.875 ; gain = 284.586 ; free physical = 2562 ; free virtual = 11788
---------------------------------------------------------------------------------
---------------------------------------------------------------------------------
Start Renaming Generated Nets
---------------------------------------------------------------------------------
---------------------------------------------------------------------------------
Finished Renaming Generated Nets : Time (s): cpu = 00:00:11 ; elapsed = 00:00:19 . Memory (MB): peak = 1224.875 ; gain = 284.586 ; free physical = 2562 ; free virtual = 11788
---------------------------------------------------------------------------------
---------------------------------------------------------------------------------
Start Writing Synthesis Report
---------------------------------------------------------------------------------

Report BlackBoxes: 
+-+--------------+----------+
| |BlackBox name |Instances |
+-+--------------+----------+
+-+--------------+----------+

Report Cell Usage: 
+------+-----+------+
|      |Cell |Count |
+------+-----+------+
|1     |BUFG |     1|
|2     |FDRE |     4|
|3     |IBUF |     6|
|4     |OBUF |     4|
+------+-----+------+

Report Instance Areas: 
+------+---------+-------+------+
|      |Instance |Module |Cells |
+------+---------+-------+------+
|1     |top      |       |    15|
+------+---------+-------+------+
---------------------------------------------------------------------------------
Finished Writing Synthesis Report : Time (s): cpu = 00:00:11 ; elapsed = 00:00:19 . Memory (MB): peak = 1224.875 ; gain = 284.586 ; free physical = 2562 ; free virtual = 11788
---------------------------------------------------------------------------------
Synthesis finished with 0 errors, 0 critical warnings and 2 warnings.
Synthesis Optimization Runtime : Time (s): cpu = 00:00:06 ; elapsed = 00:00:08 . Memory (MB): peak = 1224.875 ; gain = 195.488 ; free physical = 2562 ; free virtual = 11788
Synthesis Optimization Complete : Time (s): cpu = 00:00:11 ; elapsed = 00:00:19 . Memory (MB): peak = 1224.883 ; gain = 284.594 ; free physical = 2562 ; free virtual = 11788
INFO: [Project 1-571] Translating synthesized netlist
INFO: [Netlist 29-17] Analyzing 6 Unisim elements for replacement
INFO: [Netlist 29-28] Unisim Transformation completed in 0 CPU seconds
INFO: [Project 1-570] Preparing netlist for logic optimization
INFO: [Opt 31-138] Pushed 0 inverter(s) to 0 load pin(s).
INFO: [Project 1-111] Unisim Transformation Summary:
No Unisim elements were transformed.

INFO: [Common 17-83] Releasing license: Synthesis
12 Infos, 2 Warnings, 0 Critical Warnings and 0 Errors encountered.
synth_design completed successfully
synth_design: Time (s): cpu = 00:00:08 ; elapsed = 00:00:11 . Memory (MB): peak = 1345.855 ; gain = 333.051 ; free physical = 2465 ; free virtual = 11712
INFO: [Common 17-1381] The checkpoint '/home/vadakkodan/Desktop/v_siso/siso/synth_1/siso.dcp' has been generated.
report_utilization: Time (s): cpu = 00:00:00.20 ; elapsed = 00:00:00.92 . Memory (MB): peak = 1369.867 ; gain = 0.000 ; free physical = 2456 ; free virtual = 11710
INFO: [Common 17-206] Exiting Vivado at Thu Feb  7 18:08:03 2019...
